<?xml version="1.0" encoding="UTF-8"?>
<!-- Generated by org.testng.reporters.JUnitXMLReporter -->
<testsuite hostname="DESKTOP-23EKG3F" name="Test" tests="5" failures="0" timestamp="16 Aug 2023 05:42:49 GMT" time="111.181" errors="0">
  <testcase name="pageOne" time="96.716" classname="org.browser.AdcatinwithPomAndBaseClass"/>
  <testcase name="pageTwo" time="3.635" classname="org.browser.AdcatinwithPomAndBaseClass"/>
  <testcase name="pageFour" time="1.73" classname="org.browser.AdcatinwithPomAndBaseClass"/>
  <testcase name="pageFive" time="8.032" classname="org.browser.AdcatinwithPomAndBaseClass"/>
  <testcase name="pageThree" time="1.013" classname="org.browser.AdcatinwithPomAndBaseClass"/>
</testsuite> <!-- Test -->
